{"timestamp":1717242463,"HOST":"localhost:5000","REQUEST_URI":"\/login.php","requestType":"POST","query":{"CSRF_TKN_WIFIGO":"0d4121fe3e","username":"+2547026144230","password":"hello","submit":"1"},"cookie":{"PHPSESSID":"8v0mqh49s22etsojll0u29v96n","CSRF_TKN_WIFIGO":"b55b523265"}}
{"timestamp":1717242530,"HOST":"localhost:5000","REQUEST_URI":"\/login.php","requestType":"POST","query":{"CSRF_TKN_WIFIGO":"74599e1ee1","username":"+2547026144230","password":"hello","submit":"1"},"cookie":{"PHPSESSID":"8v0mqh49s22etsojll0u29v96n","CSRF_TKN_WIFIGO":"74599e1ee1"}}
{"timestamp":1717242530,"HOST":"localhost:5000","REQUEST_URI":"\/login.php","requestType":"POST","query":{"CSRF_TKN_WIFIGO":"74599e1ee1","username":"+2547026144230","password":"hello","submit":"1"},"cookie":{"PHPSESSID":"8v0mqh49s22etsojll0u29v96n","CSRF_TKN_WIFIGO":"74599e1ee1"}}
{"timestamp":1717242530,"HOST":"localhost:5000","REQUEST_URI":"\/login.php","requestType":"POST","query":{"CSRF_TKN_WIFIGO":"74599e1ee1","username":"+2547026144230","password":"hello","submit":"1"},"cookie":{"PHPSESSID":"8v0mqh49s22etsojll0u29v96n","CSRF_TKN_WIFIGO":"74599e1ee1"}}
{"timestamp":1717242530,"HOST":"localhost:5000","REQUEST_URI":"\/login.php","requestType":"POST","query":{"CSRF_TKN_WIFIGO":"74599e1ee1","username":"+2547026144230","password":"hello","submit":"1"},"cookie":{"PHPSESSID":"8v0mqh49s22etsojll0u29v96n","CSRF_TKN_WIFIGO":"74599e1ee1"}}
{"timestamp":1717242530,"HOST":"localhost:5000","REQUEST_URI":"\/login.php","requestType":"POST","query":{"CSRF_TKN_WIFIGO":"74599e1ee1","username":"+2547026144230","password":"hello","submit":"1"},"cookie":{"PHPSESSID":"8v0mqh49s22etsojll0u29v96n","CSRF_TKN_WIFIGO":"74599e1ee1"}}
{"timestamp":1717242530,"HOST":"localhost:5000","REQUEST_URI":"\/login.php","requestType":"POST","query":{"CSRF_TKN_WIFIGO":"74599e1ee1","username":"+2547026144230","password":"hello","submit":"1"},"cookie":{"PHPSESSID":"8v0mqh49s22etsojll0u29v96n","CSRF_TKN_WIFIGO":"74599e1ee1"}}
{"timestamp":1717242530,"HOST":"localhost:5000","REQUEST_URI":"\/login.php","requestType":"POST","query":{"CSRF_TKN_WIFIGO":"74599e1ee1","username":"+2547026144230","password":"hello","submit":"1"},"cookie":{"PHPSESSID":"8v0mqh49s22etsojll0u29v96n","CSRF_TKN_WIFIGO":"74599e1ee1"}}
{"timestamp":1717242590,"HOST":"localhost:5000","REQUEST_URI":"\/login.php","requestType":"POST","query":{"CSRF_TKN_WIFIGO":"b93a5187db","username":"+2547026144230","password":"hello","submit":"1"},"cookie":{"PHPSESSID":"8v0mqh49s22etsojll0u29v96n","CSRF_TKN_WIFIGO":"b93a5187db"}}
{"timestamp":1717242590,"HOST":"localhost:5000","REQUEST_URI":"\/login.php","requestType":"POST","query":{"CSRF_TKN_WIFIGO":"b93a5187db","username":"+2547026144230","password":"hello","submit":"1"},"cookie":{"PHPSESSID":"8v0mqh49s22etsojll0u29v96n","CSRF_TKN_WIFIGO":"b93a5187db"}}
{"timestamp":1717242590,"HOST":"localhost:5000","REQUEST_URI":"\/login.php","requestType":"POST","query":{"CSRF_TKN_WIFIGO":"b93a5187db","username":"+2547026144230","password":"hello","submit":"1"},"cookie":{"PHPSESSID":"8v0mqh49s22etsojll0u29v96n","CSRF_TKN_WIFIGO":"b93a5187db"}}
{"timestamp":1717242590,"HOST":"localhost:5000","REQUEST_URI":"\/login.php","requestType":"POST","query":{"CSRF_TKN_WIFIGO":"b93a5187db","username":"+2547026144230","password":"hello","submit":"1"},"cookie":{"PHPSESSID":"8v0mqh49s22etsojll0u29v96n","CSRF_TKN_WIFIGO":"b93a5187db"}}
{"timestamp":1717242590,"HOST":"localhost:5000","REQUEST_URI":"\/login.php","requestType":"POST","query":{"CSRF_TKN_WIFIGO":"b93a5187db","username":"+2547026144230","password":"hello","submit":"1"},"cookie":{"PHPSESSID":"8v0mqh49s22etsojll0u29v96n","CSRF_TKN_WIFIGO":"b93a5187db"}}
{"timestamp":1717242590,"HOST":"localhost:5000","REQUEST_URI":"\/login.php","requestType":"POST","query":{"CSRF_TKN_WIFIGO":"b93a5187db","username":"+2547026144230","password":"hello","submit":"1"},"cookie":{"PHPSESSID":"8v0mqh49s22etsojll0u29v96n","CSRF_TKN_WIFIGO":"b93a5187db"}}
{"timestamp":1717242590,"HOST":"localhost:5000","REQUEST_URI":"\/login.php","requestType":"POST","query":{"CSRF_TKN_WIFIGO":"b93a5187db","username":"+2547026144230","password":"hello","submit":"1"},"cookie":{"PHPSESSID":"8v0mqh49s22etsojll0u29v96n","CSRF_TKN_WIFIGO":"b93a5187db"}}
{"timestamp":1717242590,"HOST":"localhost:5000","REQUEST_URI":"\/login.php","requestType":"POST","query":{"CSRF_TKN_WIFIGO":"b93a5187db","username":"+2547026144230","password":"hello","submit":"1"},"cookie":{"PHPSESSID":"8v0mqh49s22etsojll0u29v96n","CSRF_TKN_WIFIGO":"b93a5187db"}}
{"timestamp":1717242590,"HOST":"localhost:5000","REQUEST_URI":"\/login.php","requestType":"POST","query":{"CSRF_TKN_WIFIGO":"b93a5187db","username":"+2547026144230","password":"hello","submit":"1"},"cookie":{"PHPSESSID":"8v0mqh49s22etsojll0u29v96n","CSRF_TKN_WIFIGO":"b93a5187db"}}
{"timestamp":1717242590,"HOST":"localhost:5000","REQUEST_URI":"\/login.php","requestType":"POST","query":{"CSRF_TKN_WIFIGO":"b93a5187db","username":"+2547026144230","password":"hello","submit":"1"},"cookie":{"PHPSESSID":"8v0mqh49s22etsojll0u29v96n","CSRF_TKN_WIFIGO":"b93a5187db"}}
{"timestamp":1717242590,"HOST":"localhost:5000","REQUEST_URI":"\/login.php","requestType":"POST","query":{"CSRF_TKN_WIFIGO":"b93a5187db","username":"+2547026144230","password":"hello","submit":"1"},"cookie":{"PHPSESSID":"8v0mqh49s22etsojll0u29v96n","CSRF_TKN_WIFIGO":"b93a5187db"}}
{"timestamp":1717242590,"HOST":"localhost:5000","REQUEST_URI":"\/login.php","requestType":"POST","query":{"CSRF_TKN_WIFIGO":"b93a5187db","username":"+2547026144230","password":"hello","submit":"1"},"cookie":{"PHPSESSID":"8v0mqh49s22etsojll0u29v96n","CSRF_TKN_WIFIGO":"b93a5187db"}}
{"timestamp":1717242590,"HOST":"localhost:5000","REQUEST_URI":"\/login.php","requestType":"POST","query":{"CSRF_TKN_WIFIGO":"b93a5187db","username":"+2547026144230","password":"hello","submit":"1"},"cookie":{"PHPSESSID":"8v0mqh49s22etsojll0u29v96n","CSRF_TKN_WIFIGO":"b93a5187db"}}
{"timestamp":1717242590,"HOST":"localhost:5000","REQUEST_URI":"\/login.php","requestType":"POST","query":{"CSRF_TKN_WIFIGO":"b93a5187db","username":"+2547026144230","password":"hello","submit":"1"},"cookie":{"PHPSESSID":"8v0mqh49s22etsojll0u29v96n","CSRF_TKN_WIFIGO":"b93a5187db"}}
{"timestamp":1717242590,"HOST":"localhost:5000","REQUEST_URI":"\/login.php","requestType":"POST","query":{"CSRF_TKN_WIFIGO":"b93a5187db","username":"+2547026144230","password":"hello","submit":"1"},"cookie":{"PHPSESSID":"8v0mqh49s22etsojll0u29v96n","CSRF_TKN_WIFIGO":"b93a5187db"}}
{"timestamp":1717242590,"HOST":"localhost:5000","REQUEST_URI":"\/login.php","requestType":"POST","query":{"CSRF_TKN_WIFIGO":"b93a5187db","username":"+2547026144230","password":"hello","submit":"1"},"cookie":{"PHPSESSID":"8v0mqh49s22etsojll0u29v96n","CSRF_TKN_WIFIGO":"b93a5187db"}}
{"timestamp":1717242590,"HOST":"localhost:5000","REQUEST_URI":"\/login.php","requestType":"POST","query":{"CSRF_TKN_WIFIGO":"b93a5187db","username":"+2547026144230","password":"hello","submit":"1"},"cookie":{"PHPSESSID":"8v0mqh49s22etsojll0u29v96n","CSRF_TKN_WIFIGO":"b93a5187db"}}
{"timestamp":1717248946,"HOST":"localhost:5000","REQUEST_URI":"\/login.php","requestType":"POST","query":{"CSRF_TKN_WIFIGO":"8cdf940eb4","username":"+2547026144203","password":"hello","submit":"1"},"cookie":{"PHPSESSID":"8v0mqh49s22etsojll0u29v96n","CSRF_TKN_WIFIGO":"8cdf940eb4"}}
{"timestamp":1717248970,"HOST":"localhost:5000","REQUEST_URI":"\/login.php","requestType":"POST","query":{"CSRF_TKN_WIFIGO":"63e9d7c1fb","username":"+2547026144230","password":"hello","submit":"1"},"cookie":{"PHPSESSID":"8v0mqh49s22etsojll0u29v96n","CSRF_TKN_WIFIGO":"14a547927e"}}
{"timestamp":1717493850,"HOST":"localhost:5000","REQUEST_URI":"\/login.php","requestType":"POST","query":{"CSRF_TKN_WIFIGO":"e18bf6584a","username":"+2547026144203","password":"    ","submit":"1"},"cookie":{"PHPSESSID":"8v0mqh49s22etsojll0u29v96n","CSRF_TKN_WIFIGO":"e18bf6584a"}}
{"timestamp":1717499906,"HOST":"localhost:5000","REQUEST_URI":"\/login.php","requestType":"POST","query":{"CSRF_TKN_WIFIGO":"a4c533705a","username":"+2547026144203","password":"    ","submit":"1"},"cookie":{"PHPSESSID":"8v0mqh49s22etsojll0u29v96n","CSRF_TKN_WIFIGO":"a4c533705a"}}
{"timestamp":1717499906,"HOST":"localhost:5000","REQUEST_URI":"\/login.php","requestType":"POST","query":{"CSRF_TKN_WIFIGO":"a4c533705a","username":"+2547026144203","password":"    ","submit":"1"},"cookie":{"PHPSESSID":"8v0mqh49s22etsojll0u29v96n","CSRF_TKN_WIFIGO":"a4c533705a"}}
{"timestamp":1717499906,"HOST":"localhost:5000","REQUEST_URI":"\/login.php","requestType":"POST","query":{"CSRF_TKN_WIFIGO":"a4c533705a","username":"+2547026144203","password":"    ","submit":"1"},"cookie":{"PHPSESSID":"8v0mqh49s22etsojll0u29v96n","CSRF_TKN_WIFIGO":"a4c533705a"}}
{"timestamp":1717499906,"HOST":"localhost:5000","REQUEST_URI":"\/login.php","requestType":"POST","query":{"CSRF_TKN_WIFIGO":"a4c533705a","username":"+2547026144203","password":"    ","submit":"1"},"cookie":{"PHPSESSID":"8v0mqh49s22etsojll0u29v96n","CSRF_TKN_WIFIGO":"a4c533705a"}}
{"timestamp":1717499906,"HOST":"localhost:5000","REQUEST_URI":"\/login.php","requestType":"POST","query":{"CSRF_TKN_WIFIGO":"a4c533705a","username":"+2547026144203","password":"    ","submit":"1"},"cookie":{"PHPSESSID":"8v0mqh49s22etsojll0u29v96n","CSRF_TKN_WIFIGO":"a4c533705a"}}
{"timestamp":1717499906,"HOST":"localhost:5000","REQUEST_URI":"\/login.php","requestType":"POST","query":{"CSRF_TKN_WIFIGO":"a4c533705a","username":"+2547026144203","password":"    ","submit":"1"},"cookie":{"PHPSESSID":"8v0mqh49s22etsojll0u29v96n","CSRF_TKN_WIFIGO":"a4c533705a"}}
{"timestamp":1717499906,"HOST":"localhost:5000","REQUEST_URI":"\/login.php","requestType":"POST","query":{"CSRF_TKN_WIFIGO":"a4c533705a","username":"+2547026144203","password":"    ","submit":"1"},"cookie":{"PHPSESSID":"8v0mqh49s22etsojll0u29v96n","CSRF_TKN_WIFIGO":"a4c533705a"}}
{"timestamp":1717499906,"HOST":"localhost:5000","REQUEST_URI":"\/login.php","requestType":"POST","query":{"CSRF_TKN_WIFIGO":"a4c533705a","username":"+2547026144203","password":"    ","submit":"1"},"cookie":{"PHPSESSID":"8v0mqh49s22etsojll0u29v96n","CSRF_TKN_WIFIGO":"a4c533705a"}}
{"timestamp":1717499906,"HOST":"localhost:5000","REQUEST_URI":"\/login.php","requestType":"POST","query":{"CSRF_TKN_WIFIGO":"a4c533705a","username":"+2547026144203","password":"    ","submit":"1"},"cookie":{"PHPSESSID":"8v0mqh49s22etsojll0u29v96n","CSRF_TKN_WIFIGO":"a4c533705a"}}
{"timestamp":1717499906,"HOST":"localhost:5000","REQUEST_URI":"\/login.php","requestType":"POST","query":{"CSRF_TKN_WIFIGO":"a4c533705a","username":"+2547026144203","password":"    ","submit":"1"},"cookie":{"PHPSESSID":"8v0mqh49s22etsojll0u29v96n","CSRF_TKN_WIFIGO":"a4c533705a"}}
{"timestamp":1717499950,"HOST":"localhost:5000","REQUEST_URI":"\/login.php","requestType":"POST","query":{"CSRF_TKN_WIFIGO":"cb54733957","username":"+2547026144203","password":"    ","submit":"1"},"cookie":{"PHPSESSID":"8v0mqh49s22etsojll0u29v96n","CSRF_TKN_WIFIGO":"cb54733957"}}
{"timestamp":1717499950,"HOST":"localhost:5000","REQUEST_URI":"\/login.php","requestType":"POST","query":{"CSRF_TKN_WIFIGO":"cb54733957","username":"+2547026144203","password":"    ","submit":"1"},"cookie":{"PHPSESSID":"8v0mqh49s22etsojll0u29v96n","CSRF_TKN_WIFIGO":"cb54733957"}}
{"timestamp":1717499950,"HOST":"localhost:5000","REQUEST_URI":"\/login.php","requestType":"POST","query":{"CSRF_TKN_WIFIGO":"cb54733957","username":"+2547026144203","password":"    ","submit":"1"},"cookie":{"PHPSESSID":"8v0mqh49s22etsojll0u29v96n","CSRF_TKN_WIFIGO":"cb54733957"}}
{"timestamp":1717499950,"HOST":"localhost:5000","REQUEST_URI":"\/login.php","requestType":"POST","query":{"CSRF_TKN_WIFIGO":"cb54733957","username":"+2547026144203","password":"    ","submit":"1"},"cookie":{"PHPSESSID":"8v0mqh49s22etsojll0u29v96n","CSRF_TKN_WIFIGO":"cb54733957"}}
{"timestamp":1717499950,"HOST":"localhost:5000","REQUEST_URI":"\/login.php","requestType":"POST","query":{"CSRF_TKN_WIFIGO":"cb54733957","username":"+2547026144203","password":"    ","submit":"1"},"cookie":{"PHPSESSID":"8v0mqh49s22etsojll0u29v96n","CSRF_TKN_WIFIGO":"cb54733957"}}
{"timestamp":1717499950,"HOST":"localhost:5000","REQUEST_URI":"\/login.php","requestType":"POST","query":{"CSRF_TKN_WIFIGO":"cb54733957","username":"+2547026144203","password":"    ","submit":"1"},"cookie":{"PHPSESSID":"8v0mqh49s22etsojll0u29v96n","CSRF_TKN_WIFIGO":"cb54733957"}}
{"timestamp":1717499950,"HOST":"localhost:5000","REQUEST_URI":"\/login.php","requestType":"POST","query":{"CSRF_TKN_WIFIGO":"cb54733957","username":"+2547026144203","password":"    ","submit":"1"},"cookie":{"PHPSESSID":"8v0mqh49s22etsojll0u29v96n","CSRF_TKN_WIFIGO":"cb54733957"}}
{"timestamp":1717499950,"HOST":"localhost:5000","REQUEST_URI":"\/login.php","requestType":"POST","query":{"CSRF_TKN_WIFIGO":"cb54733957","username":"+2547026144203","password":"    ","submit":"1"},"cookie":{"PHPSESSID":"8v0mqh49s22etsojll0u29v96n","CSRF_TKN_WIFIGO":"cb54733957"}}
{"timestamp":1717499950,"HOST":"localhost:5000","REQUEST_URI":"\/login.php","requestType":"POST","query":{"CSRF_TKN_WIFIGO":"cb54733957","username":"+2547026144203","password":"    ","submit":"1"},"cookie":{"PHPSESSID":"8v0mqh49s22etsojll0u29v96n","CSRF_TKN_WIFIGO":"cb54733957"}}
{"timestamp":1717499950,"HOST":"localhost:5000","REQUEST_URI":"\/login.php","requestType":"POST","query":{"CSRF_TKN_WIFIGO":"cb54733957","username":"+2547026144203","password":"    ","submit":"1"},"cookie":{"PHPSESSID":"8v0mqh49s22etsojll0u29v96n","CSRF_TKN_WIFIGO":"cb54733957"}}
{"timestamp":1717499950,"HOST":"localhost:5000","REQUEST_URI":"\/login.php","requestType":"POST","query":{"CSRF_TKN_WIFIGO":"cb54733957","username":"+2547026144203","password":"    ","submit":"1"},"cookie":{"PHPSESSID":"8v0mqh49s22etsojll0u29v96n","CSRF_TKN_WIFIGO":"cb54733957"}}
{"timestamp":1717499950,"HOST":"localhost:5000","REQUEST_URI":"\/login.php","requestType":"POST","query":{"CSRF_TKN_WIFIGO":"cb54733957","username":"+2547026144203","password":"    ","submit":"1"},"cookie":{"PHPSESSID":"8v0mqh49s22etsojll0u29v96n","CSRF_TKN_WIFIGO":"cb54733957"}}
{"timestamp":1717499950,"HOST":"localhost:5000","REQUEST_URI":"\/login.php","requestType":"POST","query":{"CSRF_TKN_WIFIGO":"cb54733957","username":"+2547026144203","password":"    ","submit":"1"},"cookie":{"PHPSESSID":"8v0mqh49s22etsojll0u29v96n","CSRF_TKN_WIFIGO":"cb54733957"}}
{"timestamp":1717499950,"HOST":"localhost:5000","REQUEST_URI":"\/login.php","requestType":"POST","query":{"CSRF_TKN_WIFIGO":"cb54733957","username":"+2547026144203","password":"    ","submit":"1"},"cookie":{"PHPSESSID":"8v0mqh49s22etsojll0u29v96n","CSRF_TKN_WIFIGO":"cb54733957"}}
{"timestamp":1717499950,"HOST":"localhost:5000","REQUEST_URI":"\/login.php","requestType":"POST","query":{"CSRF_TKN_WIFIGO":"cb54733957","username":"+2547026144203","password":"    ","submit":"1"},"cookie":{"PHPSESSID":"8v0mqh49s22etsojll0u29v96n","CSRF_TKN_WIFIGO":"cb54733957"}}
{"timestamp":1717499950,"HOST":"localhost:5000","REQUEST_URI":"\/login.php","requestType":"POST","query":{"CSRF_TKN_WIFIGO":"cb54733957","username":"+2547026144203","password":"    ","submit":"1"},"cookie":{"PHPSESSID":"8v0mqh49s22etsojll0u29v96n","CSRF_TKN_WIFIGO":"cb54733957"}}
{"timestamp":1717499950,"HOST":"localhost:5000","REQUEST_URI":"\/login.php","requestType":"POST","query":{"CSRF_TKN_WIFIGO":"cb54733957","username":"+2547026144203","password":"    ","submit":"1"},"cookie":{"PHPSESSID":"8v0mqh49s22etsojll0u29v96n","CSRF_TKN_WIFIGO":"cb54733957"}}
{"timestamp":1717499950,"HOST":"localhost:5000","REQUEST_URI":"\/login.php","requestType":"POST","query":{"CSRF_TKN_WIFIGO":"cb54733957","username":"+2547026144203","password":"    ","submit":"1"},"cookie":{"PHPSESSID":"8v0mqh49s22etsojll0u29v96n","CSRF_TKN_WIFIGO":"cb54733957"}}
{"timestamp":1717499950,"HOST":"localhost:5000","REQUEST_URI":"\/login.php","requestType":"POST","query":{"CSRF_TKN_WIFIGO":"cb54733957","username":"+2547026144203","password":"    ","submit":"1"},"cookie":{"PHPSESSID":"8v0mqh49s22etsojll0u29v96n","CSRF_TKN_WIFIGO":"cb54733957"}}
{"timestamp":1717499950,"HOST":"localhost:5000","REQUEST_URI":"\/login.php","requestType":"POST","query":{"CSRF_TKN_WIFIGO":"cb54733957","username":"+2547026144203","password":"    ","submit":"1"},"cookie":{"PHPSESSID":"8v0mqh49s22etsojll0u29v96n","CSRF_TKN_WIFIGO":"cb54733957"}}
{"timestamp":1717499950,"HOST":"localhost:5000","REQUEST_URI":"\/login.php","requestType":"POST","query":{"CSRF_TKN_WIFIGO":"cb54733957","username":"+2547026144203","password":"    ","submit":"1"},"cookie":{"PHPSESSID":"8v0mqh49s22etsojll0u29v96n","CSRF_TKN_WIFIGO":"cb54733957"}}
{"timestamp":1717499950,"HOST":"localhost:5000","REQUEST_URI":"\/login.php","requestType":"POST","query":{"CSRF_TKN_WIFIGO":"cb54733957","username":"+2547026144203","password":"    ","submit":"1"},"cookie":{"PHPSESSID":"8v0mqh49s22etsojll0u29v96n","CSRF_TKN_WIFIGO":"cb54733957"}}
{"timestamp":1717499950,"HOST":"localhost:5000","REQUEST_URI":"\/login.php","requestType":"POST","query":{"CSRF_TKN_WIFIGO":"cb54733957","username":"+2547026144203","password":"    ","submit":"1"},"cookie":{"PHPSESSID":"8v0mqh49s22etsojll0u29v96n","CSRF_TKN_WIFIGO":"cb54733957"}}
{"timestamp":1717499950,"HOST":"localhost:5000","REQUEST_URI":"\/login.php","requestType":"POST","query":{"CSRF_TKN_WIFIGO":"cb54733957","username":"+2547026144203","password":"    ","submit":"1"},"cookie":{"PHPSESSID":"8v0mqh49s22etsojll0u29v96n","CSRF_TKN_WIFIGO":"cb54733957"}}
{"timestamp":1717499950,"HOST":"localhost:5000","REQUEST_URI":"\/login.php","requestType":"POST","query":{"CSRF_TKN_WIFIGO":"cb54733957","username":"+2547026144203","password":"    ","submit":"1"},"cookie":{"PHPSESSID":"8v0mqh49s22etsojll0u29v96n","CSRF_TKN_WIFIGO":"cb54733957"}}
{"timestamp":1717499950,"HOST":"localhost:5000","REQUEST_URI":"\/login.php","requestType":"POST","query":{"CSRF_TKN_WIFIGO":"cb54733957","username":"+2547026144203","password":"    ","submit":"1"},"cookie":{"PHPSESSID":"8v0mqh49s22etsojll0u29v96n","CSRF_TKN_WIFIGO":"cb54733957"}}
{"timestamp":1717499950,"HOST":"localhost:5000","REQUEST_URI":"\/login.php","requestType":"POST","query":{"CSRF_TKN_WIFIGO":"cb54733957","username":"+2547026144203","password":"    ","submit":"1"},"cookie":{"PHPSESSID":"8v0mqh49s22etsojll0u29v96n","CSRF_TKN_WIFIGO":"cb54733957"}}
{"timestamp":1717499950,"HOST":"localhost:5000","REQUEST_URI":"\/login.php","requestType":"POST","query":{"CSRF_TKN_WIFIGO":"cb54733957","username":"+2547026144203","password":"    ","submit":"1"},"cookie":{"PHPSESSID":"8v0mqh49s22etsojll0u29v96n","CSRF_TKN_WIFIGO":"cb54733957"}}
{"timestamp":1717499950,"HOST":"localhost:5000","REQUEST_URI":"\/login.php","requestType":"POST","query":{"CSRF_TKN_WIFIGO":"cb54733957","username":"+2547026144203","password":"    ","submit":"1"},"cookie":{"PHPSESSID":"8v0mqh49s22etsojll0u29v96n","CSRF_TKN_WIFIGO":"cb54733957"}}
{"timestamp":1717499950,"HOST":"localhost:5000","REQUEST_URI":"\/login.php","requestType":"POST","query":{"CSRF_TKN_WIFIGO":"cb54733957","username":"+2547026144203","password":"    ","submit":"1"},"cookie":{"PHPSESSID":"8v0mqh49s22etsojll0u29v96n","CSRF_TKN_WIFIGO":"cb54733957"}}
{"timestamp":1717499950,"HOST":"localhost:5000","REQUEST_URI":"\/login.php","requestType":"POST","query":{"CSRF_TKN_WIFIGO":"cb54733957","username":"+2547026144203","password":"    ","submit":"1"},"cookie":{"PHPSESSID":"8v0mqh49s22etsojll0u29v96n","CSRF_TKN_WIFIGO":"cb54733957"}}
{"timestamp":1717499950,"HOST":"localhost:5000","REQUEST_URI":"\/login.php","requestType":"POST","query":{"CSRF_TKN_WIFIGO":"cb54733957","username":"+2547026144203","password":"    ","submit":"1"},"cookie":{"PHPSESSID":"8v0mqh49s22etsojll0u29v96n","CSRF_TKN_WIFIGO":"cb54733957"}}
{"timestamp":1717499950,"HOST":"localhost:5000","REQUEST_URI":"\/login.php","requestType":"POST","query":{"CSRF_TKN_WIFIGO":"cb54733957","username":"+2547026144203","password":"    ","submit":"1"},"cookie":{"PHPSESSID":"8v0mqh49s22etsojll0u29v96n","CSRF_TKN_WIFIGO":"cb54733957"}}
{"timestamp":1717499950,"HOST":"localhost:5000","REQUEST_URI":"\/login.php","requestType":"POST","query":{"CSRF_TKN_WIFIGO":"cb54733957","username":"+2547026144203","password":"    ","submit":"1"},"cookie":{"PHPSESSID":"8v0mqh49s22etsojll0u29v96n","CSRF_TKN_WIFIGO":"cb54733957"}}
{"timestamp":1717499950,"HOST":"localhost:5000","REQUEST_URI":"\/login.php","requestType":"POST","query":{"CSRF_TKN_WIFIGO":"cb54733957","username":"+2547026144203","password":"    ","submit":"1"},"cookie":{"PHPSESSID":"8v0mqh49s22etsojll0u29v96n","CSRF_TKN_WIFIGO":"cb54733957"}}
{"timestamp":1717499950,"HOST":"localhost:5000","REQUEST_URI":"\/login.php","requestType":"POST","query":{"CSRF_TKN_WIFIGO":"cb54733957","username":"+2547026144203","password":"    ","submit":"1"},"cookie":{"PHPSESSID":"8v0mqh49s22etsojll0u29v96n","CSRF_TKN_WIFIGO":"cb54733957"}}
{"timestamp":1717499950,"HOST":"localhost:5000","REQUEST_URI":"\/login.php","requestType":"POST","query":{"CSRF_TKN_WIFIGO":"cb54733957","username":"+2547026144203","password":"    ","submit":"1"},"cookie":{"PHPSESSID":"8v0mqh49s22etsojll0u29v96n","CSRF_TKN_WIFIGO":"cb54733957"}}
{"timestamp":1717499992,"HOST":"localhost:5000","REQUEST_URI":"\/login.php","requestType":"POST","query":{"CSRF_TKN_WIFIGO":"53be136cbc","username":"+2547026144203","password":"    ","submit":"1"},"cookie":{"PHPSESSID":"8v0mqh49s22etsojll0u29v96n","CSRF_TKN_WIFIGO":"04861c9f7f"}}
{"timestamp":1717499992,"HOST":"localhost:5000","REQUEST_URI":"\/login.php","requestType":"POST","query":{"CSRF_TKN_WIFIGO":"53be136cbc","username":"+2547026144203","password":"    ","submit":"1"},"cookie":{"PHPSESSID":"8v0mqh49s22etsojll0u29v96n","CSRF_TKN_WIFIGO":"04861c9f7f"}}
{"timestamp":1717499992,"HOST":"localhost:5000","REQUEST_URI":"\/login.php","requestType":"POST","query":{"CSRF_TKN_WIFIGO":"53be136cbc","username":"+2547026144203","password":"    ","submit":"1"},"cookie":{"PHPSESSID":"8v0mqh49s22etsojll0u29v96n","CSRF_TKN_WIFIGO":"04861c9f7f"}}
{"timestamp":1718285131,"HOST":"localhost:5000","REQUEST_URI":"\/login.php","requestType":"POST","query":{"CSRF_TKN_WIFIGO":"7090a0d314","username":"+2547026144203","password":"    ","submit":"1"},"cookie":{"PHPSESSID":"rofipb9bg1t7e50m6rstltd5h6","CSRF_TKN_WIFIGO":"7090a0d314"}}
{"timestamp":1718285131,"HOST":"localhost:5000","REQUEST_URI":"\/login.php","requestType":"POST","query":{"CSRF_TKN_WIFIGO":"7090a0d314","username":"+2547026144203","password":"    ","submit":"1"},"cookie":{"PHPSESSID":"rofipb9bg1t7e50m6rstltd5h6","CSRF_TKN_WIFIGO":"7090a0d314"}}
{"timestamp":1718285131,"HOST":"localhost:5000","REQUEST_URI":"\/login.php","requestType":"POST","query":{"CSRF_TKN_WIFIGO":"7090a0d314","username":"+2547026144203","password":"    ","submit":"1"},"cookie":{"PHPSESSID":"rofipb9bg1t7e50m6rstltd5h6","CSRF_TKN_WIFIGO":"7090a0d314"}}
{"timestamp":1718285131,"HOST":"localhost:5000","REQUEST_URI":"\/login.php","requestType":"POST","query":{"CSRF_TKN_WIFIGO":"7090a0d314","username":"+2547026144203","password":"    ","submit":"1"},"cookie":{"PHPSESSID":"rofipb9bg1t7e50m6rstltd5h6","CSRF_TKN_WIFIGO":"7090a0d314"}}
{"timestamp":1718285131,"HOST":"localhost:5000","REQUEST_URI":"\/login.php","requestType":"POST","query":{"CSRF_TKN_WIFIGO":"7090a0d314","username":"+2547026144203","password":"    ","submit":"1"},"cookie":{"PHPSESSID":"rofipb9bg1t7e50m6rstltd5h6","CSRF_TKN_WIFIGO":"7090a0d314"}}
{"timestamp":1718285170,"HOST":"localhost:5000","REQUEST_URI":"\/login.php","requestType":"POST","query":{"CSRF_TKN_WIFIGO":"e4077b3299","username":"+2547026144203","password":"    ","submit":"1"},"cookie":{"PHPSESSID":"rofipb9bg1t7e50m6rstltd5h6","CSRF_TKN_WIFIGO":"e4077b3299"}}
{"timestamp":1718285170,"HOST":"localhost:5000","REQUEST_URI":"\/login.php","requestType":"POST","query":{"CSRF_TKN_WIFIGO":"e4077b3299","username":"+2547026144203","password":"    ","submit":"1"},"cookie":{"PHPSESSID":"rofipb9bg1t7e50m6rstltd5h6","CSRF_TKN_WIFIGO":"e4077b3299"}}
{"timestamp":1718285170,"HOST":"localhost:5000","REQUEST_URI":"\/login.php","requestType":"POST","query":{"CSRF_TKN_WIFIGO":"e4077b3299","username":"+2547026144203","password":"    ","submit":"1"},"cookie":{"PHPSESSID":"rofipb9bg1t7e50m6rstltd5h6","CSRF_TKN_WIFIGO":"e4077b3299"}}
{"timestamp":1718285170,"HOST":"localhost:5000","REQUEST_URI":"\/login.php","requestType":"POST","query":{"CSRF_TKN_WIFIGO":"e4077b3299","username":"+2547026144203","password":"    ","submit":"1"},"cookie":{"PHPSESSID":"rofipb9bg1t7e50m6rstltd5h6","CSRF_TKN_WIFIGO":"e4077b3299"}}
{"timestamp":1718285170,"HOST":"localhost:5000","REQUEST_URI":"\/login.php","requestType":"POST","query":{"CSRF_TKN_WIFIGO":"e4077b3299","username":"+2547026144203","password":"    ","submit":"1"},"cookie":{"PHPSESSID":"rofipb9bg1t7e50m6rstltd5h6","CSRF_TKN_WIFIGO":"e4077b3299"}}
{"timestamp":1718285170,"HOST":"localhost:5000","REQUEST_URI":"\/login.php","requestType":"POST","query":{"CSRF_TKN_WIFIGO":"e4077b3299","username":"+2547026144203","password":"    ","submit":"1"},"cookie":{"PHPSESSID":"rofipb9bg1t7e50m6rstltd5h6","CSRF_TKN_WIFIGO":"e4077b3299"}}
{"timestamp":1718617573,"HOST":"localhost:5000","REQUEST_URI":"\/login.php","requestType":"POST","query":{"CSRF_TKN_WIFIGO":"4df06b6c37","username":"+2547026144203","password":"    ","submit":"1"},"cookie":{"PHPSESSID":"rofipb9bg1t7e50m6rstltd5h6"}}
{"timestamp":1718617573,"HOST":"localhost:5000","REQUEST_URI":"\/login.php","requestType":"POST","query":{"CSRF_TKN_WIFIGO":"4df06b6c37","username":"+2547026144203","password":"    ","submit":"1"},"cookie":{"PHPSESSID":"rofipb9bg1t7e50m6rstltd5h6"}}
{"timestamp":1718617573,"HOST":"localhost:5000","REQUEST_URI":"\/login.php","requestType":"POST","query":{"CSRF_TKN_WIFIGO":"4df06b6c37","username":"+2547026144203","password":"    ","submit":"1"},"cookie":{"PHPSESSID":"rofipb9bg1t7e50m6rstltd5h6"}}
{"timestamp":1718617573,"HOST":"localhost:5000","REQUEST_URI":"\/login.php","requestType":"POST","query":{"CSRF_TKN_WIFIGO":"4df06b6c37","username":"+2547026144203","password":"    ","submit":"1"},"cookie":{"PHPSESSID":"rofipb9bg1t7e50m6rstltd5h6"}}
{"timestamp":1718617573,"HOST":"localhost:5000","REQUEST_URI":"\/login.php","requestType":"POST","query":{"CSRF_TKN_WIFIGO":"4df06b6c37","username":"+2547026144203","password":"    ","submit":"1"},"cookie":{"PHPSESSID":"rofipb9bg1t7e50m6rstltd5h6"}}
{"timestamp":1718617573,"HOST":"localhost:5000","REQUEST_URI":"\/login.php","requestType":"POST","query":{"CSRF_TKN_WIFIGO":"4df06b6c37","username":"+2547026144203","password":"    ","submit":"1"},"cookie":{"PHPSESSID":"rofipb9bg1t7e50m6rstltd5h6"}}
{"timestamp":1718617573,"HOST":"localhost:5000","REQUEST_URI":"\/login.php","requestType":"POST","query":{"CSRF_TKN_WIFIGO":"4df06b6c37","username":"+2547026144203","password":"    ","submit":"1"},"cookie":{"PHPSESSID":"rofipb9bg1t7e50m6rstltd5h6"}}
{"timestamp":1718719019,"HOST":"localhost:5000","REQUEST_URI":"\/login.php","requestType":"POST","query":{"CSRF_TKN_WIFIGO":"a5e78f2487","username":"+2547026144203","password":"    ","submit":"1"},"cookie":{"PHPSESSID":"rofipb9bg1t7e50m6rstltd5h6","CSRF_TKN_WIFIGO":"a5e78f2487"}}
{"timestamp":1718812756,"HOST":"localhost:5000","REQUEST_URI":"\/login.php","requestType":"POST","query":{"CSRF_TKN_WIFIGO":"b168441490","username":"+2547026144203","password":"    ","submit":"1"},"cookie":{"PHPSESSID":"rofipb9bg1t7e50m6rstltd5h6","CSRF_TKN_WIFIGO":"2079a8c414"}}
{"timestamp":1718812782,"HOST":"localhost:5000","REQUEST_URI":"\/login.php","requestType":"POST","query":{"CSRF_TKN_WIFIGO":"2079a8c414","username":"+2547026144203","password":"    ","submit":"1"},"cookie":{"PHPSESSID":"rofipb9bg1t7e50m6rstltd5h6","CSRF_TKN_WIFIGO":"f610189e42"}}
{"timestamp":1718981047,"HOST":"localhost:5000","REQUEST_URI":"\/login.php","requestType":"POST","query":{"CSRF_TKN_WIFIGO":"51106acd00","username":"+2547026144203","password":"soMM1978#","submit":"1"},"cookie":{"PHPSESSID":"rofipb9bg1t7e50m6rstltd5h6"}}
{"timestamp":1718981063,"HOST":"localhost:5000","REQUEST_URI":"\/login.php","requestType":"POST","query":{"CSRF_TKN_WIFIGO":"668b55f68e","username":"+2547026144203","password":"    ","submit":"1"},"cookie":{"PHPSESSID":"rofipb9bg1t7e50m6rstltd5h6","CSRF_TKN_WIFIGO":"1c91c7b535"}}
{"timestamp":1718981069,"HOST":"localhost:5000","REQUEST_URI":"\/login.php","requestType":"POST","query":{"CSRF_TKN_WIFIGO":"668b55f68e","username":"+2547026144203","password":"    ","submit":"1"},"cookie":{"PHPSESSID":"rofipb9bg1t7e50m6rstltd5h6","CSRF_TKN_WIFIGO":"1c91c7b535"}}
{"timestamp":1719566345,"HOST":"localhost:5000","REQUEST_URI":"\/login.php","requestType":"POST","query":{"CSRF_TKN_WIFIGO":"a1cc548eec","username":"+2547026144203","password":"    ","submit":"1"},"cookie":{"PHPSESSID":"rofipb9bg1t7e50m6rstltd5h6","CSRF_TKN_WIFIGO":"a1cc548eec"}}
{"timestamp":1719566345,"HOST":"localhost:5000","REQUEST_URI":"\/login.php","requestType":"POST","query":{"CSRF_TKN_WIFIGO":"a1cc548eec","username":"+2547026144203","password":"    ","submit":"1"},"cookie":{"PHPSESSID":"rofipb9bg1t7e50m6rstltd5h6","CSRF_TKN_WIFIGO":"a1cc548eec"}}
{"timestamp":1719566345,"HOST":"localhost:5000","REQUEST_URI":"\/login.php","requestType":"POST","query":{"CSRF_TKN_WIFIGO":"a1cc548eec","username":"+2547026144203","password":"    ","submit":"1"},"cookie":{"PHPSESSID":"rofipb9bg1t7e50m6rstltd5h6","CSRF_TKN_WIFIGO":"a1cc548eec"}}
{"timestamp":1719579402,"HOST":"localhost:5000","REQUEST_URI":"\/login.php","requestType":"POST","query":{"CSRF_TKN_WIFIGO":"8e290b9de6","username":"+2547026144203","password":"    ","submit":"1"},"cookie":{"PHPSESSID":"rofipb9bg1t7e50m6rstltd5h6","CSRF_TKN_WIFIGO":"c0b7244c51"}}
{"timestamp":1719587410,"HOST":"localhost:5000","REQUEST_URI":"\/login.php","requestType":"POST","query":{"CSRF_TKN_WIFIGO":"1989e3b8cb","username":"+2547026144203","password":"    ","submit":"1"},"cookie":{"PHPSESSID":"rofipb9bg1t7e50m6rstltd5h6","CSRF_TKN_WIFIGO":"1989e3b8cb"}}
{"timestamp":1719596262,"HOST":"localhost:5000","REQUEST_URI":"\/login.php","requestType":"POST","query":{"CSRF_TKN_WIFIGO":"614d30b4db","username":"+2547026144203","password":"    ","submit":"1"},"cookie":{"PHPSESSID":"rofipb9bg1t7e50m6rstltd5h6","CSRF_TKN_WIFIGO":"614d30b4db"}}
{"timestamp":1719596262,"HOST":"localhost:5000","REQUEST_URI":"\/login.php","requestType":"POST","query":{"CSRF_TKN_WIFIGO":"614d30b4db","username":"+2547026144203","password":"    ","submit":"1"},"cookie":{"PHPSESSID":"rofipb9bg1t7e50m6rstltd5h6","CSRF_TKN_WIFIGO":"614d30b4db"}}
{"timestamp":1719596262,"HOST":"localhost:5000","REQUEST_URI":"\/login.php","requestType":"POST","query":{"CSRF_TKN_WIFIGO":"614d30b4db","username":"+2547026144203","password":"    ","submit":"1"},"cookie":{"PHPSESSID":"rofipb9bg1t7e50m6rstltd5h6","CSRF_TKN_WIFIGO":"614d30b4db"}}
{"timestamp":1719596262,"HOST":"localhost:5000","REQUEST_URI":"\/login.php","requestType":"POST","query":{"CSRF_TKN_WIFIGO":"614d30b4db","username":"+2547026144203","password":"    ","submit":"1"},"cookie":{"PHPSESSID":"rofipb9bg1t7e50m6rstltd5h6","CSRF_TKN_WIFIGO":"614d30b4db"}}
{"timestamp":1719596262,"HOST":"localhost:5000","REQUEST_URI":"\/login.php","requestType":"POST","query":{"CSRF_TKN_WIFIGO":"614d30b4db","username":"+2547026144203","password":"    ","submit":"1"},"cookie":{"PHPSESSID":"rofipb9bg1t7e50m6rstltd5h6","CSRF_TKN_WIFIGO":"614d30b4db"}}
{"timestamp":1719596262,"HOST":"localhost:5000","REQUEST_URI":"\/login.php","requestType":"POST","query":{"CSRF_TKN_WIFIGO":"614d30b4db","username":"+2547026144203","password":"    ","submit":"1"},"cookie":{"PHPSESSID":"rofipb9bg1t7e50m6rstltd5h6","CSRF_TKN_WIFIGO":"614d30b4db"}}
{"timestamp":1719596262,"HOST":"localhost:5000","REQUEST_URI":"\/login.php","requestType":"POST","query":{"CSRF_TKN_WIFIGO":"614d30b4db","username":"+2547026144203","password":"    ","submit":"1"},"cookie":{"PHPSESSID":"rofipb9bg1t7e50m6rstltd5h6","CSRF_TKN_WIFIGO":"614d30b4db"}}
{"timestamp":1719596262,"HOST":"localhost:5000","REQUEST_URI":"\/login.php","requestType":"POST","query":{"CSRF_TKN_WIFIGO":"614d30b4db","username":"+2547026144203","password":"    ","submit":"1"},"cookie":{"PHPSESSID":"rofipb9bg1t7e50m6rstltd5h6","CSRF_TKN_WIFIGO":"614d30b4db"}}
{"timestamp":1719596262,"HOST":"localhost:5000","REQUEST_URI":"\/login.php","requestType":"POST","query":{"CSRF_TKN_WIFIGO":"614d30b4db","username":"+2547026144203","password":"    ","submit":"1"},"cookie":{"PHPSESSID":"rofipb9bg1t7e50m6rstltd5h6","CSRF_TKN_WIFIGO":"614d30b4db"}}
{"timestamp":1719596262,"HOST":"localhost:5000","REQUEST_URI":"\/login.php","requestType":"POST","query":{"CSRF_TKN_WIFIGO":"614d30b4db","username":"+2547026144203","password":"    ","submit":"1"},"cookie":{"PHPSESSID":"rofipb9bg1t7e50m6rstltd5h6","CSRF_TKN_WIFIGO":"614d30b4db"}}
{"timestamp":1719596262,"HOST":"localhost:5000","REQUEST_URI":"\/login.php","requestType":"POST","query":{"CSRF_TKN_WIFIGO":"614d30b4db","username":"+2547026144203","password":"    ","submit":"1"},"cookie":{"PHPSESSID":"rofipb9bg1t7e50m6rstltd5h6","CSRF_TKN_WIFIGO":"614d30b4db"}}
{"timestamp":1719596262,"HOST":"localhost:5000","REQUEST_URI":"\/login.php","requestType":"POST","query":{"CSRF_TKN_WIFIGO":"614d30b4db","username":"+2547026144203","password":"    ","submit":"1"},"cookie":{"PHPSESSID":"rofipb9bg1t7e50m6rstltd5h6","CSRF_TKN_WIFIGO":"614d30b4db"}}
{"timestamp":1719596262,"HOST":"localhost:5000","REQUEST_URI":"\/login.php","requestType":"POST","query":{"CSRF_TKN_WIFIGO":"614d30b4db","username":"+2547026144203","password":"    ","submit":"1"},"cookie":{"PHPSESSID":"rofipb9bg1t7e50m6rstltd5h6","CSRF_TKN_WIFIGO":"614d30b4db"}}
{"timestamp":1719596262,"HOST":"localhost:5000","REQUEST_URI":"\/login.php","requestType":"POST","query":{"CSRF_TKN_WIFIGO":"614d30b4db","username":"+2547026144203","password":"    ","submit":"1"},"cookie":{"PHPSESSID":"rofipb9bg1t7e50m6rstltd5h6","CSRF_TKN_WIFIGO":"614d30b4db"}}
{"timestamp":1719596262,"HOST":"localhost:5000","REQUEST_URI":"\/login.php","requestType":"POST","query":{"CSRF_TKN_WIFIGO":"614d30b4db","username":"+2547026144203","password":"    ","submit":"1"},"cookie":{"PHPSESSID":"rofipb9bg1t7e50m6rstltd5h6","CSRF_TKN_WIFIGO":"614d30b4db"}}
{"timestamp":1719596262,"HOST":"localhost:5000","REQUEST_URI":"\/login.php","requestType":"POST","query":{"CSRF_TKN_WIFIGO":"614d30b4db","username":"+2547026144203","password":"    ","submit":"1"},"cookie":{"PHPSESSID":"rofipb9bg1t7e50m6rstltd5h6","CSRF_TKN_WIFIGO":"614d30b4db"}}
{"timestamp":1719596297,"HOST":"localhost:5000","REQUEST_URI":"\/login.php","requestType":"POST","query":{"CSRF_TKN_WIFIGO":"d2affad9b7","username":"+2547026144203","password":"    ","submit":"1"},"cookie":{"PHPSESSID":"rofipb9bg1t7e50m6rstltd5h6","CSRF_TKN_WIFIGO":"d2affad9b7"}}
{"timestamp":1719596297,"HOST":"localhost:5000","REQUEST_URI":"\/login.php","requestType":"POST","query":{"CSRF_TKN_WIFIGO":"d2affad9b7","username":"+2547026144203","password":"    ","submit":"1"},"cookie":{"PHPSESSID":"rofipb9bg1t7e50m6rstltd5h6","CSRF_TKN_WIFIGO":"d2affad9b7"}}
{"timestamp":1719596297,"HOST":"localhost:5000","REQUEST_URI":"\/login.php","requestType":"POST","query":{"CSRF_TKN_WIFIGO":"d2affad9b7","username":"+2547026144203","password":"    ","submit":"1"},"cookie":{"PHPSESSID":"rofipb9bg1t7e50m6rstltd5h6","CSRF_TKN_WIFIGO":"d2affad9b7"}}
{"timestamp":1719596297,"HOST":"localhost:5000","REQUEST_URI":"\/login.php","requestType":"POST","query":{"CSRF_TKN_WIFIGO":"d2affad9b7","username":"+2547026144203","password":"    ","submit":"1"},"cookie":{"PHPSESSID":"rofipb9bg1t7e50m6rstltd5h6","CSRF_TKN_WIFIGO":"d2affad9b7"}}
{"timestamp":1719596297,"HOST":"localhost:5000","REQUEST_URI":"\/login.php","requestType":"POST","query":{"CSRF_TKN_WIFIGO":"d2affad9b7","username":"+2547026144203","password":"    ","submit":"1"},"cookie":{"PHPSESSID":"rofipb9bg1t7e50m6rstltd5h6","CSRF_TKN_WIFIGO":"d2affad9b7"}}
{"timestamp":1719596297,"HOST":"localhost:5000","REQUEST_URI":"\/login.php","requestType":"POST","query":{"CSRF_TKN_WIFIGO":"d2affad9b7","username":"+2547026144203","password":"    ","submit":"1"},"cookie":{"PHPSESSID":"rofipb9bg1t7e50m6rstltd5h6","CSRF_TKN_WIFIGO":"d2affad9b7"}}
{"timestamp":1719596297,"HOST":"localhost:5000","REQUEST_URI":"\/login.php","requestType":"POST","query":{"CSRF_TKN_WIFIGO":"d2affad9b7","username":"+2547026144203","password":"    ","submit":"1"},"cookie":{"PHPSESSID":"rofipb9bg1t7e50m6rstltd5h6","CSRF_TKN_WIFIGO":"d2affad9b7"}}
{"timestamp":1719596297,"HOST":"localhost:5000","REQUEST_URI":"\/login.php","requestType":"POST","query":{"CSRF_TKN_WIFIGO":"d2affad9b7","username":"+2547026144203","password":"    ","submit":"1"},"cookie":{"PHPSESSID":"rofipb9bg1t7e50m6rstltd5h6","CSRF_TKN_WIFIGO":"d2affad9b7"}}
{"timestamp":1719596297,"HOST":"localhost:5000","REQUEST_URI":"\/login.php","requestType":"POST","query":{"CSRF_TKN_WIFIGO":"d2affad9b7","username":"+2547026144203","password":"    ","submit":"1"},"cookie":{"PHPSESSID":"rofipb9bg1t7e50m6rstltd5h6","CSRF_TKN_WIFIGO":"d2affad9b7"}}
{"timestamp":1719596297,"HOST":"localhost:5000","REQUEST_URI":"\/login.php","requestType":"POST","query":{"CSRF_TKN_WIFIGO":"d2affad9b7","username":"+2547026144203","password":"    ","submit":"1"},"cookie":{"PHPSESSID":"rofipb9bg1t7e50m6rstltd5h6","CSRF_TKN_WIFIGO":"d2affad9b7"}}
{"timestamp":1719596297,"HOST":"localhost:5000","REQUEST_URI":"\/login.php","requestType":"POST","query":{"CSRF_TKN_WIFIGO":"d2affad9b7","username":"+2547026144203","password":"    ","submit":"1"},"cookie":{"PHPSESSID":"rofipb9bg1t7e50m6rstltd5h6","CSRF_TKN_WIFIGO":"d2affad9b7"}}
{"timestamp":1719596297,"HOST":"localhost:5000","REQUEST_URI":"\/login.php","requestType":"POST","query":{"CSRF_TKN_WIFIGO":"d2affad9b7","username":"+2547026144203","password":"    ","submit":"1"},"cookie":{"PHPSESSID":"rofipb9bg1t7e50m6rstltd5h6","CSRF_TKN_WIFIGO":"d2affad9b7"}}
{"timestamp":1719596297,"HOST":"localhost:5000","REQUEST_URI":"\/login.php","requestType":"POST","query":{"CSRF_TKN_WIFIGO":"d2affad9b7","username":"+2547026144203","password":"    ","submit":"1"},"cookie":{"PHPSESSID":"rofipb9bg1t7e50m6rstltd5h6","CSRF_TKN_WIFIGO":"d2affad9b7"}}
{"timestamp":1719596297,"HOST":"localhost:5000","REQUEST_URI":"\/login.php","requestType":"POST","query":{"CSRF_TKN_WIFIGO":"d2affad9b7","username":"+2547026144203","password":"    ","submit":"1"},"cookie":{"PHPSESSID":"rofipb9bg1t7e50m6rstltd5h6","CSRF_TKN_WIFIGO":"d2affad9b7"}}
{"timestamp":1719596297,"HOST":"localhost:5000","REQUEST_URI":"\/login.php","requestType":"POST","query":{"CSRF_TKN_WIFIGO":"d2affad9b7","username":"+2547026144203","password":"    ","submit":"1"},"cookie":{"PHPSESSID":"rofipb9bg1t7e50m6rstltd5h6","CSRF_TKN_WIFIGO":"d2affad9b7"}}
{"timestamp":1719596297,"HOST":"localhost:5000","REQUEST_URI":"\/login.php","requestType":"POST","query":{"CSRF_TKN_WIFIGO":"d2affad9b7","username":"+2547026144203","password":"    ","submit":"1"},"cookie":{"PHPSESSID":"rofipb9bg1t7e50m6rstltd5h6","CSRF_TKN_WIFIGO":"d2affad9b7"}}
{"timestamp":1719596297,"HOST":"localhost:5000","REQUEST_URI":"\/login.php","requestType":"POST","query":{"CSRF_TKN_WIFIGO":"d2affad9b7","username":"+2547026144203","password":"    ","submit":"1"},"cookie":{"PHPSESSID":"rofipb9bg1t7e50m6rstltd5h6","CSRF_TKN_WIFIGO":"d2affad9b7"}}
{"timestamp":1719596297,"HOST":"localhost:5000","REQUEST_URI":"\/login.php","requestType":"POST","query":{"CSRF_TKN_WIFIGO":"d2affad9b7","username":"+2547026144203","password":"    ","submit":"1"},"cookie":{"PHPSESSID":"rofipb9bg1t7e50m6rstltd5h6","CSRF_TKN_WIFIGO":"d2affad9b7"}}
